0 info it worked if it ends with ok
1 verbose cli [ '/usr/bin/node', '/usr/bin/npm', 'install' ]
2 info using npm@1.2.30
3 info using node@v0.10.11
4 verbose node symlink /usr/bin/node
5 verbose read json /home/engell/Documentos/programacion/express/CoderChat/package.json
6 error install Couldn't read dependencies
7 error Failed to parse json
7 error Unexpected token }
8 error File: /home/engell/Documentos/programacion/express/CoderChat/package.json
9 error Failed to parse package.json data.
9 error package.json must be actual JSON, not just JavaScript.
9 error
9 error This is not a bug in npm.
9 error Tell the package author to fix their package.json file. JSON.parse
10 error System Linux 3.8.0-23-generic
11 error command "/usr/bin/node" "/usr/bin/npm" "install"
12 error cwd /home/engell/Documentos/programacion/express/CoderChat
13 error node -v v0.10.11
14 error npm -v 1.2.30
15 error file /home/engell/Documentos/programacion/express/CoderChat/package.json
16 error code EJSONPARSE
17 verbose exit [ 1, true ]
